This file contains any messages produced by compilers while
running configure, to aid debugging if configure makes a mistake.

It was created by Apache CouchDB configure 1.2.2, which was
generated by GNU Autoconf 2.69.  Invocation command line was

  $ ./configure 

## --------- ##
## Platform. ##
## --------- ##

hostname = lucid32
uname -m = i686
uname -r = 2.6.32-38-generic
uname -s = Linux
uname -v = #83-Ubuntu SMP Wed Jan 4 11:13:04 UTC 2012

/usr/bin/uname -p = unknown
/bin/uname -X     = unknown

/bin/arch              = unknown
/usr/bin/arch -k       = unknown
/usr/convex/getsysinfo = unknown
/usr/bin/hostinfo      = unknown
/bin/machine           = unknown
/usr/bin/oslevel       = unknown
/bin/universe          = unknown

PATH: /usr/local/sbin
PATH: /usr/local/bin
PATH: /usr/sbin
PATH: /usr/bin
PATH: /sbin
PATH: /bin
PATH: /usr/games
PATH: /opt/vagrant_ruby/bin


## ----------- ##
## Core tests. ##
## ----------- ##

configure:2777: checking for a BSD-compatible install
configure:2845: result: /usr/bin/install -c
configure:2856: checking whether build environment is sane
configure:2906: result: yes
configure:3047: checking for a thread-safe mkdir -p
configure:3086: result: /bin/mkdir -p
configure:3099: checking for gawk
configure:3129: result: no
configure:3099: checking for mawk
configure:3115: found /usr/bin/mawk
configure:3126: result: mawk
configure:3137: checking whether make sets $(MAKE)
configure:3163: result: no
configure:3252: checking for style of include used by make
configure:3280: result: none
configure:3351: checking for gcc
configure:3367: found /usr/bin/gcc
configure:3378: result: gcc
configure:3607: checking for C compiler version
configure:3616: gcc --version >&5
gcc (Ubuntu 4.4.3-4ubuntu5.1) 4.4.3
Copyright (C) 2009 Free Software Foundation, Inc.
This is free software; see the source for copying conditions.  There is NO
warranty; not even for MERCHANTABILITY or FITNESS FOR A PARTICULAR PURPOSE.

configure:3627: $? = 0
configure:3616: gcc -v >&5
Using built-in specs.
Target: i486-linux-gnu
Configured with: ../src/configure -v --with-pkgversion='Ubuntu 4.4.3-4ubuntu5.1' --with-bugurl=file:///usr/share/doc/gcc-4.4/README.Bugs --enable-languages=c,c++,fortran,objc,obj-c++ --prefix=/usr --enable-shared --enable-multiarch --enable-linker-build-id --with-system-zlib --libexecdir=/usr/lib --without-included-gettext --enable-threads=posix --with-gxx-include-dir=/usr/include/c++/4.4 --program-suffix=-4.4 --enable-nls --enable-clocale=gnu --enable-libstdcxx-debug --enable-plugin --enable-objc-gc --enable-targets=all --disable-werror --with-arch-32=i486 --with-tune=generic --enable-checking=release --build=i486-linux-gnu --host=i486-linux-gnu --target=i486-linux-gnu
Thread model: posix
gcc version 4.4.3 (Ubuntu 4.4.3-4ubuntu5.1) 
configure:3627: $? = 0
configure:3616: gcc -V >&5
gcc: '-V' option must have argument
configure:3627: $? = 1
configure:3616: gcc -qversion >&5
gcc: unrecognized option '-qversion'
gcc: no input files
configure:3627: $? = 1
configure:3647: checking whether the C compiler works
configure:3669: gcc    conftest.c  >&5
configure:3673: $? = 0
configure:3721: result: yes
configure:3724: checking for C compiler default output file name
configure:3726: result: a.out
configure:3732: checking for suffix of executables
configure:3739: gcc -o conftest    conftest.c  >&5
configure:3743: $? = 0
configure:3765: result: 
configure:3787: checking whether we are cross compiling
configure:3795: gcc -o conftest    conftest.c  >&5
configure:3799: $? = 0
configure:3806: ./conftest
configure:3810: $? = 0
configure:3825: result: no
configure:3830: checking for suffix of object files
configure:3852: gcc -c   conftest.c >&5
configure:3856: $? = 0
configure:3877: result: o
configure:3881: checking whether we are using the GNU C compiler
configure:3900: gcc -c   conftest.c >&5
configure:3900: $? = 0
configure:3909: result: yes
configure:3918: checking whether gcc accepts -g
configure:3938: gcc -c -g  conftest.c >&5
configure:3938: $? = 0
configure:3979: result: yes
configure:3996: checking for gcc option to accept ISO C89
configure:4059: gcc  -c -g -O2  conftest.c >&5
configure:4059: $? = 0
configure:4072: result: none needed
configure:4094: checking dependency style of gcc
configure:4205: result: none
configure:4226: checking how to run the C preprocessor
configure:4257: gcc -E  conftest.c
configure:4257: $? = 0
configure:4271: gcc -E  conftest.c
conftest.c:11:28: error: ac_nonexistent.h: No such file or directory
configure:4271: $? = 1
configure: failed program was:
| /* confdefs.h */
| #define PACKAGE_NAME "Apache CouchDB"
| #define PACKAGE_TARNAME "apache-couchdb"
| #define PACKAGE_VERSION "1.2.2"
| #define PACKAGE_STRING "Apache CouchDB 1.2.2"
| #define PACKAGE_BUGREPORT "https://issues.apache.org/jira/browse/COUCHDB"
| #define PACKAGE_URL ""
| #define PACKAGE "apache-couchdb"
| #define VERSION "1.2.2"
| /* end confdefs.h.  */
| #include <ac_nonexistent.h>
configure:4296: result: gcc -E
configure:4316: gcc -E  conftest.c
configure:4316: $? = 0
configure:4330: gcc -E  conftest.c
conftest.c:11:28: error: ac_nonexistent.h: No such file or directory
configure:4330: $? = 1
configure: failed program was:
| /* confdefs.h */
| #define PACKAGE_NAME "Apache CouchDB"
| #define PACKAGE_TARNAME "apache-couchdb"
| #define PACKAGE_VERSION "1.2.2"
| #define PACKAGE_STRING "Apache CouchDB 1.2.2"
| #define PACKAGE_BUGREPORT "https://issues.apache.org/jira/browse/COUCHDB"
| #define PACKAGE_URL ""
| #define PACKAGE "apache-couchdb"
| #define VERSION "1.2.2"
| /* end confdefs.h.  */
| #include <ac_nonexistent.h>
configure:4359: checking for grep that handles long lines and -e
configure:4417: result: /bin/grep
configure:4422: checking for egrep
configure:4484: result: /bin/grep -E
configure:4489: checking for ANSI C header files
configure:4509: gcc -c -g -O2  conftest.c >&5
configure:4509: $? = 0
configure:4582: gcc -o conftest -g -O2   conftest.c  >&5
configure:4582: $? = 0
configure:4582: ./conftest
configure:4582: $? = 0
configure:4593: result: yes
configure:4606: checking for sys/types.h
configure:4606: gcc -c -g -O2  conftest.c >&5
configure:4606: $? = 0
configure:4606: result: yes
configure:4606: checking for sys/stat.h
configure:4606: gcc -c -g -O2  conftest.c >&5
configure:4606: $? = 0
configure:4606: result: yes
configure:4606: checking for stdlib.h
configure:4606: gcc -c -g -O2  conftest.c >&5
configure:4606: $? = 0
configure:4606: result: yes
configure:4606: checking for string.h
configure:4606: gcc -c -g -O2  conftest.c >&5
configure:4606: $? = 0
configure:4606: result: yes
configure:4606: checking for memory.h
configure:4606: gcc -c -g -O2  conftest.c >&5
configure:4606: $? = 0
configure:4606: result: yes
configure:4606: checking for strings.h
configure:4606: gcc -c -g -O2  conftest.c >&5
configure:4606: $? = 0
configure:4606: result: yes
configure:4606: checking for inttypes.h
configure:4606: gcc -c -g -O2  conftest.c >&5
configure:4606: $? = 0
configure:4606: result: yes
configure:4606: checking for stdint.h
configure:4606: gcc -c -g -O2  conftest.c >&5
configure:4606: $? = 0
configure:4606: result: yes
configure:4606: checking for unistd.h
configure:4606: gcc -c -g -O2  conftest.c >&5
configure:4606: $? = 0
configure:4606: result: yes
configure:4619: checking minix/config.h usability
configure:4619: gcc -c -g -O2  conftest.c >&5
conftest.c:54:26: error: minix/config.h: No such file or directory
configure:4619: $? = 1
configure: failed program was:
| /* confdefs.h */
| #define PACKAGE_NAME "Apache CouchDB"
| #define PACKAGE_TARNAME "apache-couchdb"
| #define PACKAGE_VERSION "1.2.2"
| #define PACKAGE_STRING "Apache CouchDB 1.2.2"
| #define PACKAGE_BUGREPORT "https://issues.apache.org/jira/browse/COUCHDB"
| #define PACKAGE_URL ""
| #define PACKAGE "apache-couchdb"
| #define VERSION "1.2.2"
| #define STDC_HEADERS 1
| #define HAVE_SYS_TYPES_H 1
| #define HAVE_SYS_STAT_H 1
| #define HAVE_STDLIB_H 1
| #define HAVE_STRING_H 1
| #define HAVE_MEMORY_H 1
| #define HAVE_STRINGS_H 1
| #define HAVE_INTTYPES_H 1
| #define HAVE_STDINT_H 1
| #define HAVE_UNISTD_H 1
| /* end confdefs.h.  */
| #include <stdio.h>
| #ifdef HAVE_SYS_TYPES_H
| # include <sys/types.h>
| #endif
| #ifdef HAVE_SYS_STAT_H
| # include <sys/stat.h>
| #endif
| #ifdef STDC_HEADERS
| # include <stdlib.h>
| # include <stddef.h>
| #else
| # ifdef HAVE_STDLIB_H
| #  include <stdlib.h>
| # endif
| #endif
| #ifdef HAVE_STRING_H
| # if !defined STDC_HEADERS && defined HAVE_MEMORY_H
| #  include <memory.h>
| # endif
| # include <string.h>
| #endif
| #ifdef HAVE_STRINGS_H
| # include <strings.h>
| #endif
| #ifdef HAVE_INTTYPES_H
| # include <inttypes.h>
| #endif
| #ifdef HAVE_STDINT_H
| # include <stdint.h>
| #endif
| #ifdef HAVE_UNISTD_H
| # include <unistd.h>
| #endif
| #include <minix/config.h>
configure:4619: result: no
configure:4619: checking minix/config.h presence
configure:4619: gcc -E  conftest.c
conftest.c:21:26: error: minix/config.h: No such file or directory
configure:4619: $? = 1
configure: failed program was:
| /* confdefs.h */
| #define PACKAGE_NAME "Apache CouchDB"
| #define PACKAGE_TARNAME "apache-couchdb"
| #define PACKAGE_VERSION "1.2.2"
| #define PACKAGE_STRING "Apache CouchDB 1.2.2"
| #define PACKAGE_BUGREPORT "https://issues.apache.org/jira/browse/COUCHDB"
| #define PACKAGE_URL ""
| #define PACKAGE "apache-couchdb"
| #define VERSION "1.2.2"
| #define STDC_HEADERS 1
| #define HAVE_SYS_TYPES_H 1
| #define HAVE_SYS_STAT_H 1
| #define HAVE_STDLIB_H 1
| #define HAVE_STRING_H 1
| #define HAVE_MEMORY_H 1
| #define HAVE_STRINGS_H 1
| #define HAVE_INTTYPES_H 1
| #define HAVE_STDINT_H 1
| #define HAVE_UNISTD_H 1
| /* end confdefs.h.  */
| #include <minix/config.h>
configure:4619: result: no
configure:4619: checking for minix/config.h
configure:4619: result: no
configure:4640: checking whether it is safe to define __EXTENSIONS__
configure:4658: gcc -c -g -O2  conftest.c >&5
configure:4658: $? = 0
configure:4665: result: yes
configure:4791: checking for gcc
configure:4818: result: gcc
configure:5047: checking for C compiler version
configure:5056: gcc --version >&5
gcc (Ubuntu 4.4.3-4ubuntu5.1) 4.4.3
Copyright (C) 2009 Free Software Foundation, Inc.
This is free software; see the source for copying conditions.  There is NO
warranty; not even for MERCHANTABILITY or FITNESS FOR A PARTICULAR PURPOSE.

configure:5067: $? = 0
configure:5056: gcc -v >&5
Using built-in specs.
Target: i486-linux-gnu
Configured with: ../src/configure -v --with-pkgversion='Ubuntu 4.4.3-4ubuntu5.1' --with-bugurl=file:///usr/share/doc/gcc-4.4/README.Bugs --enable-languages=c,c++,fortran,objc,obj-c++ --prefix=/usr --enable-shared --enable-multiarch --enable-linker-build-id --with-system-zlib --libexecdir=/usr/lib --without-included-gettext --enable-threads=posix --with-gxx-include-dir=/usr/include/c++/4.4 --program-suffix=-4.4 --enable-nls --enable-clocale=gnu --enable-libstdcxx-debug --enable-plugin --enable-objc-gc --enable-targets=all --disable-werror --with-arch-32=i486 --with-tune=generic --enable-checking=release --build=i486-linux-gnu --host=i486-linux-gnu --target=i486-linux-gnu
Thread model: posix
gcc version 4.4.3 (Ubuntu 4.4.3-4ubuntu5.1) 
configure:5067: $? = 0
configure:5056: gcc -V >&5
gcc: '-V' option must have argument
configure:5067: $? = 1
configure:5056: gcc -qversion >&5
gcc: unrecognized option '-qversion'
gcc: no input files
configure:5067: $? = 1
configure:5071: checking whether we are using the GNU C compiler
configure:5099: result: yes
configure:5108: checking whether gcc accepts -g
configure:5169: result: yes
configure:5186: checking for gcc option to accept ISO C89
configure:5262: result: none needed
configure:5284: checking dependency style of gcc
configure:5395: result: none
configure:5439: checking build system type
configure:5453: result: i686-pc-linux-gnu
configure:5473: checking host system type
configure:5486: result: i686-pc-linux-gnu
configure:5527: checking how to print strings
configure:5554: result: printf
configure:5575: checking for a sed that does not truncate output
configure:5639: result: /bin/sed
configure:5657: checking for fgrep
configure:5719: result: /bin/grep -F
configure:5754: checking for ld used by gcc
configure:5821: result: /usr/bin/ld
configure:5828: checking if the linker (/usr/bin/ld) is GNU ld
configure:5843: result: yes
configure:5855: checking for BSD- or MS-compatible name lister (nm)
configure:5904: result: /usr/bin/nm -B
configure:6034: checking the name lister (/usr/bin/nm -B) interface
configure:6041: gcc -c -g -O2  conftest.c >&5
configure:6044: /usr/bin/nm -B "conftest.o"
configure:6047: output
00000000 B some_variable
configure:6054: result: BSD nm
configure:6057: checking whether ln -s works
configure:6064: result: no, using cp -pR
configure:6069: checking the maximum length of command line arguments
configure:6199: result: 1572864
configure:6216: checking whether the shell understands some XSI constructs
configure:6226: result: yes
configure:6230: checking whether the shell understands "+="
configure:6236: result: yes
configure:6271: checking how to convert i686-pc-linux-gnu file names to i686-pc-linux-gnu format
configure:6311: result: func_convert_file_noop
configure:6318: checking how to convert i686-pc-linux-gnu file names to toolchain format
configure:6338: result: func_convert_file_noop
configure:6345: checking for /usr/bin/ld option to reload object files
configure:6352: result: -r
configure:6426: checking for objdump
configure:6442: found /usr/bin/objdump
configure:6453: result: objdump
configure:6482: checking how to recognize dependent libraries
configure:6684: result: pass_all
configure:6769: checking for dlltool
configure:6799: result: no
configure:6826: checking how to associate runtime and link libraries
configure:6853: result: printf %s\n
configure:6913: checking for ar
configure:6929: found /usr/bin/ar
configure:6940: result: ar
configure:6977: checking for archiver @FILE support
configure:6994: gcc -c -g -O2  conftest.c >&5
configure:6994: $? = 0
configure:6997: ar cru libconftest.a @conftest.lst >&5
configure:7000: $? = 0
configure:7005: ar cru libconftest.a @conftest.lst >&5
ar: conftest.o: No such file or directory
configure:7008: $? = 1
configure:7020: result: @
configure:7078: checking for strip
configure:7094: found /usr/bin/strip
configure:7105: result: strip
configure:7177: checking for ranlib
configure:7193: found /usr/bin/ranlib
configure:7204: result: ranlib
configure:7306: checking command to parse /usr/bin/nm -B output from gcc object
configure:7426: gcc -c -g -O2  conftest.c >&5
configure:7429: $? = 0
configure:7433: /usr/bin/nm -B conftest.o \| sed -n -e 's/^.*[ ]\([ABCDGIRSTW][ABCDGIRSTW]*\)[ ][ ]*\([_A-Za-z][_A-Za-z0-9]*\)$/\1 \2 \2/p' | sed '/ __gnu_lto/d' \> conftest.nm
configure:7436: $? = 0
configure:7502: gcc -o conftest -g -O2   conftest.c conftstm.o >&5
configure:7505: $? = 0
configure:7543: result: ok
configure:7580: checking for sysroot
configure:7610: result: no
configure:7866: checking for mt
configure:7882: found /bin/mt
configure:7893: result: mt
configure:7916: checking if mt is a manifest tool
configure:7922: mt '-?'
mt: invalid option -- ?
configure:7930: result: no
configure:8569: checking for dlfcn.h
configure:8569: gcc -c -g -O2  conftest.c >&5
configure:8569: $? = 0
configure:8569: result: yes
configure:9013: checking for objdir
configure:9028: result: .libs
configure:9299: checking if gcc supports -fno-rtti -fno-exceptions
configure:9317: gcc -c -g -O2  -fno-rtti -fno-exceptions conftest.c >&5
cc1: warning: command line option "-fno-rtti" is valid for C++/ObjC++ but not for C
configure:9321: $? = 0
configure:9334: result: no
configure:9661: checking for gcc option to produce PIC
configure:9668: result: -fPIC -DPIC
configure:9676: checking if gcc PIC flag -fPIC -DPIC works
configure:9694: gcc -c -g -O2  -fPIC -DPIC -DPIC conftest.c >&5
configure:9698: $? = 0
configure:9711: result: yes
configure:9740: checking if gcc static flag -static works
configure:9768: result: yes
configure:9783: checking if gcc supports -c -o file.o
configure:9804: gcc -c -g -O2  -o out/conftest2.o conftest.c >&5
configure:9808: $? = 0
configure:9830: result: yes
configure:9838: checking if gcc supports -c -o file.o
configure:9885: result: yes
configure:9918: checking whether the gcc linker (/usr/bin/ld) supports shared libraries
configure:11075: result: yes
configure:11112: checking whether -lc should be explicitly linked in
configure:11120: gcc -c -g -O2  conftest.c >&5
configure:11123: $? = 0
configure:11138: gcc -shared  -fPIC -DPIC conftest.o  -v -Wl,-soname -Wl,conftest -o conftest 2\>\&1 \| /bin/grep  -lc  \>/dev/null 2\>\&1
configure:11141: $? = 0
configure:11155: result: no
configure:11315: checking dynamic linker characteristics
configure:11826: gcc -o conftest -g -O2   -Wl,-rpath -Wl,/foo conftest.c  >&5
configure:11826: $? = 0
configure:12060: result: GNU/Linux ld.so
configure:12167: checking how to hardcode library paths into programs
configure:12192: result: immediate
configure:12732: checking whether stripping libraries is possible
configure:12737: result: yes
configure:12772: checking if libtool supports shared libraries
configure:12774: result: yes
configure:12777: checking whether to build shared libraries
configure:12798: result: yes
configure:12801: checking whether to build static libraries
configure:12805: result: no
configure:12843: checking whether ln -s works
configure:12850: result: no, using cp -pR
configure:12908: checking for pkg-config
configure:12941: result: no
configure:13037: checking for g++
configure:13053: found /usr/bin/g++
configure:13064: result: g++
configure:13091: checking for C++ compiler version
configure:13100: g++ --version >&5
g++ (Ubuntu 4.4.3-4ubuntu5.1) 4.4.3
Copyright (C) 2009 Free Software Foundation, Inc.
This is free software; see the source for copying conditions.  There is NO
warranty; not even for MERCHANTABILITY or FITNESS FOR A PARTICULAR PURPOSE.

configure:13111: $? = 0
configure:13100: g++ -v >&5
Using built-in specs.
Target: i486-linux-gnu
Configured with: ../src/configure -v --with-pkgversion='Ubuntu 4.4.3-4ubuntu5.1' --with-bugurl=file:///usr/share/doc/gcc-4.4/README.Bugs --enable-languages=c,c++,fortran,objc,obj-c++ --prefix=/usr --enable-shared --enable-multiarch --enable-linker-build-id --with-system-zlib --libexecdir=/usr/lib --without-included-gettext --enable-threads=posix --with-gxx-include-dir=/usr/include/c++/4.4 --program-suffix=-4.4 --enable-nls --enable-clocale=gnu --enable-libstdcxx-debug --enable-plugin --enable-objc-gc --enable-targets=all --disable-werror --with-arch-32=i486 --with-tune=generic --enable-checking=release --build=i486-linux-gnu --host=i486-linux-gnu --target=i486-linux-gnu
Thread model: posix
gcc version 4.4.3 (Ubuntu 4.4.3-4ubuntu5.1) 
configure:13111: $? = 0
configure:13100: g++ -V >&5
g++: '-V' option must have argument
configure:13111: $? = 1
configure:13100: g++ -qversion >&5
g++: unrecognized option '-qversion'
g++: no input files
configure:13111: $? = 1
configure:13115: checking whether we are using the GNU C++ compiler
configure:13134: g++ -c   conftest.cpp >&5
configure:13134: $? = 0
configure:13143: result: yes
configure:13152: checking whether g++ accepts -g
configure:13172: g++ -c -g  conftest.cpp >&5
configure:13172: $? = 0
configure:13213: result: yes
configure:13238: checking dependency style of g++
configure:13349: result: none
configure:13382: checking how to run the C++ preprocessor
configure:13409: g++ -E  conftest.cpp
configure:13409: $? = 0
configure:13423: g++ -E  conftest.cpp
conftest.cpp:28:28: error: ac_nonexistent.h: No such file or directory
configure:13423: $? = 1
configure: failed program was:
| /* confdefs.h */
| #define PACKAGE_NAME "Apache CouchDB"
| #define PACKAGE_TARNAME "apache-couchdb"
| #define PACKAGE_VERSION "1.2.2"
| #define PACKAGE_STRING "Apache CouchDB 1.2.2"
| #define PACKAGE_BUGREPORT "https://issues.apache.org/jira/browse/COUCHDB"
| #define PACKAGE_URL ""
| #define PACKAGE "apache-couchdb"
| #define VERSION "1.2.2"
| #define STDC_HEADERS 1
| #define HAVE_SYS_TYPES_H 1
| #define HAVE_SYS_STAT_H 1
| #define HAVE_STDLIB_H 1
| #define HAVE_STRING_H 1
| #define HAVE_MEMORY_H 1
| #define HAVE_STRINGS_H 1
| #define HAVE_INTTYPES_H 1
| #define HAVE_STDINT_H 1
| #define HAVE_UNISTD_H 1
| #define __EXTENSIONS__ 1
| #define _ALL_SOURCE 1
| #define _GNU_SOURCE 1
| #define _POSIX_PTHREAD_SEMANTICS 1
| #define _TANDEM_SOURCE 1
| #define HAVE_DLFCN_H 1
| #define LT_OBJDIR ".libs/"
| /* end confdefs.h.  */
| #include <ac_nonexistent.h>
configure:13448: result: g++ -E
configure:13468: g++ -E  conftest.cpp
configure:13468: $? = 0
configure:13482: g++ -E  conftest.cpp
conftest.cpp:28:28: error: ac_nonexistent.h: No such file or directory
configure:13482: $? = 1
configure: failed program was:
| /* confdefs.h */
| #define PACKAGE_NAME "Apache CouchDB"
| #define PACKAGE_TARNAME "apache-couchdb"
| #define PACKAGE_VERSION "1.2.2"
| #define PACKAGE_STRING "Apache CouchDB 1.2.2"
| #define PACKAGE_BUGREPORT "https://issues.apache.org/jira/browse/COUCHDB"
| #define PACKAGE_URL ""
| #define PACKAGE "apache-couchdb"
| #define VERSION "1.2.2"
| #define STDC_HEADERS 1
| #define HAVE_SYS_TYPES_H 1
| #define HAVE_SYS_STAT_H 1
| #define HAVE_STDLIB_H 1
| #define HAVE_STRING_H 1
| #define HAVE_MEMORY_H 1
| #define HAVE_STRINGS_H 1
| #define HAVE_INTTYPES_H 1
| #define HAVE_STDINT_H 1
| #define HAVE_UNISTD_H 1
| #define __EXTENSIONS__ 1
| #define _ALL_SOURCE 1
| #define _GNU_SOURCE 1
| #define _POSIX_PTHREAD_SEMANTICS 1
| #define _TANDEM_SOURCE 1
| #define HAVE_DLFCN_H 1
| #define LT_OBJDIR ".libs/"
| /* end confdefs.h.  */
| #include <ac_nonexistent.h>
configure:13651: checking for ld used by g++
configure:13718: result: /usr/bin/ld
configure:13725: checking if the linker (/usr/bin/ld) is GNU ld
configure:13740: result: yes
configure:13795: checking whether the g++ linker (/usr/bin/ld) supports shared libraries
configure:14800: result: yes
configure:14836: g++ -c -g -O2  conftest.cpp >&5
configure:14839: $? = 0
configure:15359: checking for g++ option to produce PIC
configure:15366: result: -fPIC -DPIC
configure:15374: checking if g++ PIC flag -fPIC -DPIC works
configure:15392: g++ -c -g -O2  -fPIC -DPIC -DPIC conftest.cpp >&5
configure:15396: $? = 0
configure:15409: result: yes
configure:15432: checking if g++ static flag -static works
configure:15460: result: yes
configure:15472: checking if g++ supports -c -o file.o
configure:15493: g++ -c -g -O2  -o out/conftest2.o conftest.cpp >&5
configure:15497: $? = 0
configure:15519: result: yes
configure:15524: checking if g++ supports -c -o file.o
configure:15571: result: yes
configure:15601: checking whether the g++ linker (/usr/bin/ld) supports shared libraries
configure:15640: result: yes
configure:15781: checking dynamic linker characteristics
configure:16460: result: GNU/Linux ld.so
configure:16513: checking how to hardcode library paths into programs
configure:16538: result: immediate
configure:16584: checking whether byte ordering is bigendian
configure:16599: g++ -c -g -O2  conftest.cpp >&5
conftest.cpp:29: error: expected unqualified-id before '!' token
configure:16599: $? = 1
configure: failed program was:
| /* confdefs.h */
| #define PACKAGE_NAME "Apache CouchDB"
| #define PACKAGE_TARNAME "apache-couchdb"
| #define PACKAGE_VERSION "1.2.2"
| #define PACKAGE_STRING "Apache CouchDB 1.2.2"
| #define PACKAGE_BUGREPORT "https://issues.apache.org/jira/browse/COUCHDB"
| #define PACKAGE_URL ""
| #define PACKAGE "apache-couchdb"
| #define VERSION "1.2.2"
| #define STDC_HEADERS 1
| #define HAVE_SYS_TYPES_H 1
| #define HAVE_SYS_STAT_H 1
| #define HAVE_STDLIB_H 1
| #define HAVE_STRING_H 1
| #define HAVE_MEMORY_H 1
| #define HAVE_STRINGS_H 1
| #define HAVE_INTTYPES_H 1
| #define HAVE_STDINT_H 1
| #define HAVE_UNISTD_H 1
| #define __EXTENSIONS__ 1
| #define _ALL_SOURCE 1
| #define _GNU_SOURCE 1
| #define _POSIX_PTHREAD_SEMANTICS 1
| #define _TANDEM_SOURCE 1
| #define HAVE_DLFCN_H 1
| #define LT_OBJDIR ".libs/"
| /* end confdefs.h.  */
| #ifndef __APPLE_CC__
| 	       not a universal capable compiler
| 	     #endif
| 	     typedef int dummy;
| 
configure:16644: g++ -c -g -O2  conftest.cpp >&5
configure:16644: $? = 0
configure:16662: g++ -c -g -O2  conftest.cpp >&5
conftest.cpp: In function 'int main()':
conftest.cpp:35: error: 'big' was not declared in this scope
conftest.cpp:35: error: expected ';' before 'endian'
configure:16662: $? = 1
configure: failed program was:
| /* confdefs.h */
| #define PACKAGE_NAME "Apache CouchDB"
| #define PACKAGE_TARNAME "apache-couchdb"
| #define PACKAGE_VERSION "1.2.2"
| #define PACKAGE_STRING "Apache CouchDB 1.2.2"
| #define PACKAGE_BUGREPORT "https://issues.apache.org/jira/browse/COUCHDB"
| #define PACKAGE_URL ""
| #define PACKAGE "apache-couchdb"
| #define VERSION "1.2.2"
| #define STDC_HEADERS 1
| #define HAVE_SYS_TYPES_H 1
| #define HAVE_SYS_STAT_H 1
| #define HAVE_STDLIB_H 1
| #define HAVE_STRING_H 1
| #define HAVE_MEMORY_H 1
| #define HAVE_STRINGS_H 1
| #define HAVE_INTTYPES_H 1
| #define HAVE_STDINT_H 1
| #define HAVE_UNISTD_H 1
| #define __EXTENSIONS__ 1
| #define _ALL_SOURCE 1
| #define _GNU_SOURCE 1
| #define _POSIX_PTHREAD_SEMANTICS 1
| #define _TANDEM_SOURCE 1
| #define HAVE_DLFCN_H 1
| #define LT_OBJDIR ".libs/"
| /* end confdefs.h.  */
| #include <sys/types.h>
| 		#include <sys/param.h>
| 
| int
| main ()
| {
| #if BYTE_ORDER != BIG_ENDIAN
| 		 not big endian
| 		#endif
| 
|   ;
|   return 0;
| }
configure:16790: result: no
configure:16812: checking for stdint.h
configure:16812: result: yes
configure:16812: checking stddef.h usability
configure:16812: g++ -c -g -O2  conftest.cpp >&5
configure:16812: $? = 0
configure:16812: result: yes
configure:16812: checking stddef.h presence
configure:16812: g++ -E  conftest.cpp
configure:16812: $? = 0
configure:16812: result: yes
configure:16812: checking for stddef.h
configure:16812: result: yes
configure:16812: checking sys/mman.h usability
configure:16812: g++ -c -g -O2  conftest.cpp >&5
configure:16812: $? = 0
configure:16812: result: yes
configure:16812: checking sys/mman.h presence
configure:16812: g++ -E  conftest.cpp
configure:16812: $? = 0
configure:16812: result: yes
configure:16812: checking for sys/mman.h
configure:16812: result: yes
configure:16812: checking sys/resource.h usability
configure:16812: g++ -c -g -O2  conftest.cpp >&5
configure:16812: $? = 0
configure:16812: result: yes
configure:16812: checking sys/resource.h presence
configure:16812: g++ -E  conftest.cpp
configure:16812: $? = 0
configure:16812: result: yes
configure:16812: checking for sys/resource.h
configure:16812: result: yes
configure:16822: checking for mmap
configure:16822: g++ -o conftest -g -O2   conftest.cpp  >&5
configure:16822: $? = 0
configure:16822: result: yes
configure:16828: checking if the compiler supports __builtin_expect
configure:16844: g++ -c -g -O2  conftest.cpp >&5
configure:16844: $? = 0
configure:16847: result: yes
configure:16864: checking if the compiler supports __builtin_ctzll
configure:16880: g++ -c -g -O2  conftest.cpp >&5
configure:16880: $? = 0
configure:16883: result: yes
configure:16923: checking for pthread_create in -lpthread
configure:16940: g++ -o conftest -g -O2   conftest.cpp -lpthread  >&5
conftest.cpp: In function 'int main()':
conftest.cpp:38: error: invalid conversion from 'void*' to 'pthread_t*'
conftest.cpp:38: error:   initializing argument 1 of 'int pthread_create(pthread_t*, const pthread_attr_t*, void* (*)(void*), void*)'
conftest.cpp:38: error: invalid conversion from 'void*' to 'const pthread_attr_t*'
conftest.cpp:38: error:   initializing argument 2 of 'int pthread_create(pthread_t*, const pthread_attr_t*, void* (*)(void*), void*)'
conftest.cpp:38: error: invalid conversion from 'void*' to 'void* (*)(void*)'
conftest.cpp:38: error:   initializing argument 3 of 'int pthread_create(pthread_t*, const pthread_attr_t*, void* (*)(void*), void*)'
configure:16940: $? = 1
configure: failed program was:
| /* confdefs.h */
| #define PACKAGE_NAME "Apache CouchDB"
| #define PACKAGE_TARNAME "apache-couchdb"
| #define PACKAGE_VERSION "1.2.2"
| #define PACKAGE_STRING "Apache CouchDB 1.2.2"
| #define PACKAGE_BUGREPORT "https://issues.apache.org/jira/browse/COUCHDB"
| #define PACKAGE_URL ""
| #define PACKAGE "apache-couchdb"
| #define VERSION "1.2.2"
| #define STDC_HEADERS 1
| #define HAVE_SYS_TYPES_H 1
| #define HAVE_SYS_STAT_H 1
| #define HAVE_STDLIB_H 1
| #define HAVE_STRING_H 1
| #define HAVE_MEMORY_H 1
| #define HAVE_STRINGS_H 1
| #define HAVE_INTTYPES_H 1
| #define HAVE_STDINT_H 1
| #define HAVE_UNISTD_H 1
| #define __EXTENSIONS__ 1
| #define _ALL_SOURCE 1
| #define _GNU_SOURCE 1
| #define _POSIX_PTHREAD_SEMANTICS 1
| #define _TANDEM_SOURCE 1
| #define HAVE_DLFCN_H 1
| #define LT_OBJDIR ".libs/"
| #define HAVE_STDINT_H 1
| #define HAVE_STDDEF_H 1
| #define HAVE_SYS_MMAN_H 1
| #define HAVE_SYS_RESOURCE_H 1
| #define HAVE_BUILTIN_EXPECT 1
| #define HAVE_BUILTIN_CTZ 1
| /* end confdefs.h.  */
| #include<pthread.h>
| int
| main ()
| {
| pthread_create((void *)0, (void *)0, (void *)0, (void *)0)
|   ;
|   return 0;
| }
configure:16953: result: no
configure:16978: checking for erl
configure:16996: found /usr/bin/erl
configure:17008: result: /usr/bin/erl
configure:17103: checking for JS185
configure:17236: result: no
configure:17241: checking for JS
configure:17300: result: no
configure:17343: checking for JS185
configure:17484: result: no
configure:17489: checking for JS
configure:17552: result: no
configure:17630: checking jsapi.h usability
configure:17630: g++ -c -g -O2 -DXP_UNIX -I/usr/include -I/usr/include/js -I/usr/include/mozjs -I/usr/local/include/js -I/opt/local/include/js  -I/opt/local/include -I/usr/local/include -I/usr/include  conftest.cpp >&5
conftest.cpp:67:19: error: jsapi.h: No such file or directory
configure:17630: $? = 1
configure: failed program was:
| /* confdefs.h */
| #define PACKAGE_NAME "Apache CouchDB"
| #define PACKAGE_TARNAME "apache-couchdb"
| #define PACKAGE_VERSION "1.2.2"
| #define PACKAGE_STRING "Apache CouchDB 1.2.2"
| #define PACKAGE_BUGREPORT "https://issues.apache.org/jira/browse/COUCHDB"
| #define PACKAGE_URL ""
| #define PACKAGE "apache-couchdb"
| #define VERSION "1.2.2"
| #define STDC_HEADERS 1
| #define HAVE_SYS_TYPES_H 1
| #define HAVE_SYS_STAT_H 1
| #define HAVE_STDLIB_H 1
| #define HAVE_STRING_H 1
| #define HAVE_MEMORY_H 1
| #define HAVE_STRINGS_H 1
| #define HAVE_INTTYPES_H 1
| #define HAVE_STDINT_H 1
| #define HAVE_UNISTD_H 1
| #define __EXTENSIONS__ 1
| #define _ALL_SOURCE 1
| #define _GNU_SOURCE 1
| #define _POSIX_PTHREAD_SEMANTICS 1
| #define _TANDEM_SOURCE 1
| #define HAVE_DLFCN_H 1
| #define LT_OBJDIR ".libs/"
| #define HAVE_STDINT_H 1
| #define HAVE_STDDEF_H 1
| #define HAVE_SYS_MMAN_H 1
| #define HAVE_SYS_RESOURCE_H 1
| #define HAVE_BUILTIN_EXPECT 1
| #define HAVE_BUILTIN_CTZ 1
| /* end confdefs.h.  */
| #include <stdio.h>
| #ifdef HAVE_SYS_TYPES_H
| # include <sys/types.h>
| #endif
| #ifdef HAVE_SYS_STAT_H
| # include <sys/stat.h>
| #endif
| #ifdef STDC_HEADERS
| # include <stdlib.h>
| # include <stddef.h>
| #else
| # ifdef HAVE_STDLIB_H
| #  include <stdlib.h>
| # endif
| #endif
| #ifdef HAVE_STRING_H
| # if !defined STDC_HEADERS && defined HAVE_MEMORY_H
| #  include <memory.h>
| # endif
| # include <string.h>
| #endif
| #ifdef HAVE_STRINGS_H
| # include <strings.h>
| #endif
| #ifdef HAVE_INTTYPES_H
| # include <inttypes.h>
| #endif
| #ifdef HAVE_STDINT_H
| # include <stdint.h>
| #endif
| #ifdef HAVE_UNISTD_H
| # include <unistd.h>
| #endif
| #include <jsapi.h>
configure:17630: result: no
configure:17630: checking jsapi.h presence
configure:17630: g++ -E -DXP_UNIX -I/usr/include -I/usr/include/js -I/usr/include/mozjs -I/usr/local/include/js -I/opt/local/include/js  -I/opt/local/include -I/usr/local/include -I/usr/include  conftest.cpp
conftest.cpp:34:19: error: jsapi.h: No such file or directory
configure:17630: $? = 1
configure: failed program was:
| /* confdefs.h */
| #define PACKAGE_NAME "Apache CouchDB"
| #define PACKAGE_TARNAME "apache-couchdb"
| #define PACKAGE_VERSION "1.2.2"
| #define PACKAGE_STRING "Apache CouchDB 1.2.2"
| #define PACKAGE_BUGREPORT "https://issues.apache.org/jira/browse/COUCHDB"
| #define PACKAGE_URL ""
| #define PACKAGE "apache-couchdb"
| #define VERSION "1.2.2"
| #define STDC_HEADERS 1
| #define HAVE_SYS_TYPES_H 1
| #define HAVE_SYS_STAT_H 1
| #define HAVE_STDLIB_H 1
| #define HAVE_STRING_H 1
| #define HAVE_MEMORY_H 1
| #define HAVE_STRINGS_H 1
| #define HAVE_INTTYPES_H 1
| #define HAVE_STDINT_H 1
| #define HAVE_UNISTD_H 1
| #define __EXTENSIONS__ 1
| #define _ALL_SOURCE 1
| #define _GNU_SOURCE 1
| #define _POSIX_PTHREAD_SEMANTICS 1
| #define _TANDEM_SOURCE 1
| #define HAVE_DLFCN_H 1
| #define LT_OBJDIR ".libs/"
| #define HAVE_STDINT_H 1
| #define HAVE_STDDEF_H 1
| #define HAVE_SYS_MMAN_H 1
| #define HAVE_SYS_RESOURCE_H 1
| #define HAVE_BUILTIN_EXPECT 1
| #define HAVE_BUILTIN_CTZ 1
| /* end confdefs.h.  */
| #include <jsapi.h>
configure:17630: result: no
configure:17630: checking for jsapi.h
configure:17630: result: no
configure:17635: checking js/jsapi.h usability
configure:17635: g++ -c -g -O2 -DXP_UNIX -I/usr/include -I/usr/include/js -I/usr/include/mozjs -I/usr/local/include/js -I/opt/local/include/js  -I/opt/local/include -I/usr/local/include -I/usr/include  conftest.cpp >&5
conftest.cpp:67:22: error: js/jsapi.h: No such file or directory
configure:17635: $? = 1
configure: failed program was:
| /* confdefs.h */
| #define PACKAGE_NAME "Apache CouchDB"
| #define PACKAGE_TARNAME "apache-couchdb"
| #define PACKAGE_VERSION "1.2.2"
| #define PACKAGE_STRING "Apache CouchDB 1.2.2"
| #define PACKAGE_BUGREPORT "https://issues.apache.org/jira/browse/COUCHDB"
| #define PACKAGE_URL ""
| #define PACKAGE "apache-couchdb"
| #define VERSION "1.2.2"
| #define STDC_HEADERS 1
| #define HAVE_SYS_TYPES_H 1
| #define HAVE_SYS_STAT_H 1
| #define HAVE_STDLIB_H 1
| #define HAVE_STRING_H 1
| #define HAVE_MEMORY_H 1
| #define HAVE_STRINGS_H 1
| #define HAVE_INTTYPES_H 1
| #define HAVE_STDINT_H 1
| #define HAVE_UNISTD_H 1
| #define __EXTENSIONS__ 1
| #define _ALL_SOURCE 1
| #define _GNU_SOURCE 1
| #define _POSIX_PTHREAD_SEMANTICS 1
| #define _TANDEM_SOURCE 1
| #define HAVE_DLFCN_H 1
| #define LT_OBJDIR ".libs/"
| #define HAVE_STDINT_H 1
| #define HAVE_STDDEF_H 1
| #define HAVE_SYS_MMAN_H 1
| #define HAVE_SYS_RESOURCE_H 1
| #define HAVE_BUILTIN_EXPECT 1
| #define HAVE_BUILTIN_CTZ 1
| /* end confdefs.h.  */
| #include <stdio.h>
| #ifdef HAVE_SYS_TYPES_H
| # include <sys/types.h>
| #endif
| #ifdef HAVE_SYS_STAT_H
| # include <sys/stat.h>
| #endif
| #ifdef STDC_HEADERS
| # include <stdlib.h>
| # include <stddef.h>
| #else
| # ifdef HAVE_STDLIB_H
| #  include <stdlib.h>
| # endif
| #endif
| #ifdef HAVE_STRING_H
| # if !defined STDC_HEADERS && defined HAVE_MEMORY_H
| #  include <memory.h>
| # endif
| # include <string.h>
| #endif
| #ifdef HAVE_STRINGS_H
| # include <strings.h>
| #endif
| #ifdef HAVE_INTTYPES_H
| # include <inttypes.h>
| #endif
| #ifdef HAVE_STDINT_H
| # include <stdint.h>
| #endif
| #ifdef HAVE_UNISTD_H
| # include <unistd.h>
| #endif
| #include <js/jsapi.h>
configure:17635: result: no
configure:17635: checking js/jsapi.h presence
configure:17635: g++ -E -DXP_UNIX -I/usr/include -I/usr/include/js -I/usr/include/mozjs -I/usr/local/include/js -I/opt/local/include/js  -I/opt/local/include -I/usr/local/include -I/usr/include  conftest.cpp
conftest.cpp:34:22: error: js/jsapi.h: No such file or directory
configure:17635: $? = 1
configure: failed program was:
| /* confdefs.h */
| #define PACKAGE_NAME "Apache CouchDB"
| #define PACKAGE_TARNAME "apache-couchdb"
| #define PACKAGE_VERSION "1.2.2"
| #define PACKAGE_STRING "Apache CouchDB 1.2.2"
| #define PACKAGE_BUGREPORT "https://issues.apache.org/jira/browse/COUCHDB"
| #define PACKAGE_URL ""
| #define PACKAGE "apache-couchdb"
| #define VERSION "1.2.2"
| #define STDC_HEADERS 1
| #define HAVE_SYS_TYPES_H 1
| #define HAVE_SYS_STAT_H 1
| #define HAVE_STDLIB_H 1
| #define HAVE_STRING_H 1
| #define HAVE_MEMORY_H 1
| #define HAVE_STRINGS_H 1
| #define HAVE_INTTYPES_H 1
| #define HAVE_STDINT_H 1
| #define HAVE_UNISTD_H 1
| #define __EXTENSIONS__ 1
| #define _ALL_SOURCE 1
| #define _GNU_SOURCE 1
| #define _POSIX_PTHREAD_SEMANTICS 1
| #define _TANDEM_SOURCE 1
| #define HAVE_DLFCN_H 1
| #define LT_OBJDIR ".libs/"
| #define HAVE_STDINT_H 1
| #define HAVE_STDDEF_H 1
| #define HAVE_SYS_MMAN_H 1
| #define HAVE_SYS_RESOURCE_H 1
| #define HAVE_BUILTIN_EXPECT 1
| #define HAVE_BUILTIN_CTZ 1
| /* end confdefs.h.  */
| #include <js/jsapi.h>
configure:17635: result: no
configure:17635: checking for js/jsapi.h
configure:17635: result: no
configure:17642: error: Could not find the jsapi header.

Are the Mozilla SpiderMonkey headers installed?

## ---------------- ##
## Cache variables. ##
## ---------------- ##

ac_cv_build=i686-pc-linux-gnu
ac_cv_c_bigendian=no
ac_cv_c_compiler_gnu=yes
ac_cv_cxx_compiler_gnu=yes
ac_cv_env_CCC_set=
ac_cv_env_CCC_value=
ac_cv_env_CC_set=
ac_cv_env_CC_value=
ac_cv_env_CFLAGS_set=
ac_cv_env_CFLAGS_value=
ac_cv_env_CPPFLAGS_set=
ac_cv_env_CPPFLAGS_value=
ac_cv_env_CPP_set=
ac_cv_env_CPP_value=
ac_cv_env_CXXCPP_set=
ac_cv_env_CXXCPP_value=
ac_cv_env_CXXFLAGS_set=
ac_cv_env_CXXFLAGS_value=
ac_cv_env_CXX_set=
ac_cv_env_CXX_value=
ac_cv_env_ERLC_FLAGS_set=
ac_cv_env_ERLC_FLAGS_value=
ac_cv_env_ERLC_set=
ac_cv_env_ERLC_value=
ac_cv_env_ERL_set=
ac_cv_env_ERL_value=
ac_cv_env_FLAGS_set=
ac_cv_env_FLAGS_value=
ac_cv_env_HELP2MAN_EXECUTABLE_set=
ac_cv_env_HELP2MAN_EXECUTABLE_value=
ac_cv_env_JS185_CFLAGS_set=
ac_cv_env_JS185_CFLAGS_value=
ac_cv_env_JS185_LIBS_set=
ac_cv_env_JS185_LIBS_value=
ac_cv_env_JS_CFLAGS_set=
ac_cv_env_JS_CFLAGS_value=
ac_cv_env_JS_LIBS_set=
ac_cv_env_JS_LIBS_value=
ac_cv_env_LDFLAGS_set=
ac_cv_env_LDFLAGS_value=
ac_cv_env_LIBS_set=
ac_cv_env_LIBS_value=
ac_cv_env_PKG_CONFIG_LIBDIR_set=
ac_cv_env_PKG_CONFIG_LIBDIR_value=
ac_cv_env_PKG_CONFIG_PATH_set=
ac_cv_env_PKG_CONFIG_PATH_value=
ac_cv_env_PKG_CONFIG_set=
ac_cv_env_PKG_CONFIG_value=
ac_cv_env_build_alias_set=
ac_cv_env_build_alias_value=
ac_cv_env_host_alias_set=
ac_cv_env_host_alias_value=
ac_cv_env_target_alias_set=
ac_cv_env_target_alias_value=
ac_cv_func_mmap=yes
ac_cv_have_stddef_h=1
ac_cv_have_stdint_h=1
ac_cv_header_dlfcn_h=yes
ac_cv_header_inttypes_h=yes
ac_cv_header_js_jsapi_h=no
ac_cv_header_jsapi_h=no
ac_cv_header_memory_h=yes
ac_cv_header_minix_config_h=no
ac_cv_header_stdc=yes
ac_cv_header_stddef_h=yes
ac_cv_header_stdint_h=yes
ac_cv_header_stdlib_h=yes
ac_cv_header_string_h=yes
ac_cv_header_strings_h=yes
ac_cv_header_sys_mman_h=yes
ac_cv_header_sys_resource_h=yes
ac_cv_header_sys_stat_h=yes
ac_cv_header_sys_types_h=yes
ac_cv_header_unistd_h=yes
ac_cv_host=i686-pc-linux-gnu
ac_cv_objext=o
ac_cv_path_EGREP='/bin/grep -E'
ac_cv_path_ERL=/usr/bin/erl
ac_cv_path_FGREP='/bin/grep -F'
ac_cv_path_GREP=/bin/grep
ac_cv_path_SED=/bin/sed
ac_cv_path_install='/usr/bin/install -c'
ac_cv_path_mkdir=/bin/mkdir
ac_cv_prog_AWK=mawk
ac_cv_prog_CPP='gcc -E'
ac_cv_prog_CXXCPP='g++ -E'
ac_cv_prog_ac_ct_AR=ar
ac_cv_prog_ac_ct_CC=gcc
ac_cv_prog_ac_ct_CXX=g++
ac_cv_prog_ac_ct_MANIFEST_TOOL=mt
ac_cv_prog_ac_ct_OBJDUMP=objdump
ac_cv_prog_ac_ct_RANLIB=ranlib
ac_cv_prog_ac_ct_STRIP=strip
ac_cv_prog_cc_c89=
ac_cv_prog_cc_g=yes
ac_cv_prog_cxx_g=yes
ac_cv_prog_make_make_set=no
ac_cv_safe_to_define___extensions__=yes
am_cv_CC_dependencies_compiler_type=none
am_cv_CXX_dependencies_compiler_type=none
lt_cv_ar_at_file=@
lt_cv_archive_cmds_need_lc=no
lt_cv_deplibs_check_method=pass_all
lt_cv_file_magic_cmd='$MAGIC_CMD'
lt_cv_file_magic_test_file=
lt_cv_ld_reload_flag=-r
lt_cv_nm_interface='BSD nm'
lt_cv_objdir=.libs
lt_cv_path_LD=/usr/bin/ld
lt_cv_path_LDCXX=/usr/bin/ld
lt_cv_path_NM='/usr/bin/nm -B'
lt_cv_path_mainfest_tool=no
lt_cv_prog_compiler_c_o=yes
lt_cv_prog_compiler_c_o_CXX=yes
lt_cv_prog_compiler_pic='-fPIC -DPIC'
lt_cv_prog_compiler_pic_CXX='-fPIC -DPIC'
lt_cv_prog_compiler_pic_works=yes
lt_cv_prog_compiler_pic_works_CXX=yes
lt_cv_prog_compiler_rtti_exceptions=no
lt_cv_prog_compiler_static_works=yes
lt_cv_prog_compiler_static_works_CXX=yes
lt_cv_prog_gnu_ld=yes
lt_cv_prog_gnu_ldcxx=yes
lt_cv_sharedlib_from_linklib_cmd='printf %s\n'
lt_cv_shlibpath_overrides_runpath=no
lt_cv_sys_global_symbol_pipe='sed -n -e '\''s/^.*[	 ]\([ABCDGIRSTW][ABCDGIRSTW]*\)[	 ][	 ]*\([_A-Za-z][_A-Za-z0-9]*\)$/\1 \2 \2/p'\'' | sed '\''/ __gnu_lto/d'\'''
lt_cv_sys_global_symbol_to_c_name_address='sed -n -e '\''s/^: \([^ ]*\)[ ]*$/  {\"\1\", (void *) 0},/p'\'' -e '\''s/^[ABCDGIRSTW]* \([^ ]*\) \([^ ]*\)$/  {"\2", (void *) \&\2},/p'\'''
lt_cv_sys_global_symbol_to_c_name_address_lib_prefix='sed -n -e '\''s/^: \([^ ]*\)[ ]*$/  {\"\1\", (void *) 0},/p'\'' -e '\''s/^[ABCDGIRSTW]* \([^ ]*\) \(lib[^ ]*\)$/  {"\2", (void *) \&\2},/p'\'' -e '\''s/^[ABCDGIRSTW]* \([^ ]*\) \([^ ]*\)$/  {"lib\2", (void *) \&\2},/p'\'''
lt_cv_sys_global_symbol_to_cdecl='sed -n -e '\''s/^T .* \(.*\)$/extern int \1();/p'\'' -e '\''s/^[ABCDGIRSTW]* .* \(.*\)$/extern char \1;/p'\'''
lt_cv_sys_max_cmd_len=1572864
lt_cv_to_host_file_cmd=func_convert_file_noop
lt_cv_to_tool_file_cmd=func_convert_file_noop

## ----------------- ##
## Output variables. ##
## ----------------- ##

ACLOCAL='${SHELL} /vagrant/xconf_spike/apache-couchdb-1.2.2/build-aux/missing --run aclocal-1.11'
AMDEPBACKSLASH='\'
AMDEP_FALSE='#'
AMDEP_TRUE=''
AMTAR='$${TAR-tar}'
AR='ar'
AS='as'
AUTOCONF='${SHELL} /vagrant/xconf_spike/apache-couchdb-1.2.2/build-aux/missing --run autoconf'
AUTOHEADER='${SHELL} /vagrant/xconf_spike/apache-couchdb-1.2.2/build-aux/missing --run autoheader'
AUTOMAKE='${SHELL} /vagrant/xconf_spike/apache-couchdb-1.2.2/build-aux/missing --run automake-1.11'
AWK='mawk'
CC='gcc'
CCDEPMODE='depmode=none'
CFLAGS='-O2 -g -O2'
CPP='gcc -E'
CPPFLAGS='-DXP_UNIX -I/usr/include -I/usr/include/js -I/usr/include/mozjs -I/usr/local/include/js -I/opt/local/include/js  -I/opt/local/include -I/usr/local/include -I/usr/include '
CURL_CFLAGS=''
CURL_CONFIG=''
CURL_LIBS=''
CXX='g++'
CXXCPP='g++ -E'
CXXDEPMODE='depmode=none'
CXXFLAGS='-g -O2'
CYGPATH_W='echo'
DEFS=''
DEPDIR='.deps'
DLLTOOL='false'
DSYMUTIL=''
DUMPBIN=''
ECHO_C=''
ECHO_N='-n'
ECHO_T=''
EGREP='/bin/grep -E'
ERL='/usr/bin/erl'
ERLANG_FLAGS='-I/usr/lib/erlang/usr/include'
ERLC=''
ERLC_FLAGS=''
EXEEXT=''
FGREP='/bin/grep -F'
FLAGS=''
GREP='/bin/grep'
HELP2MAN_EXECUTABLE=''
HELP2MAN_FALSE=''
HELP2MAN_TRUE=''
ICU_BIN=''
ICU_CFLAGS=''
ICU_CONFIG=''
ICU_CPPFLAGS=''
ICU_CXXFLAGS=''
ICU_LIBS=''
INIT_FALSE=''
INIT_TRUE=''
INNO_COMPILER_EXECUTABLE=''
INSTALL_DATA='${INSTALL} -m 644'
INSTALL_PROGRAM='${INSTALL}'
INSTALL_SCRIPT='${INSTALL}'
INSTALL_STRIP_PROGRAM='$(install_sh) -c -s'
JS185_CFLAGS=''
JS185_LIBS=''
JS_CFLAGS='-DXP_UNIX -I/usr/include -I/usr/include/js -I/usr/include/mozjs -I/usr/local/include/js -I/opt/local/include/js'
JS_LDFLAGS='-L${exec_prefix}/lib  -L/opt/local/lib -L/usr/local/lib '
JS_LIBS=''
JS_LIB_BINARY=''
LAUNCHD_FALSE=''
LAUNCHD_TRUE=''
LD='/usr/bin/ld'
LDFLAGS='-L${exec_prefix}/lib  -L/opt/local/lib -L/usr/local/lib '
LIBOBJS=''
LIBS='   -L/opt/local/lib -L/usr/local/lib '
LIBTOOL='$(SHELL) $(top_builddir)/libtool'
LIPO=''
LN_S='cp -pR'
LTLIBOBJS=''
MAKEINFO='${SHELL} /vagrant/xconf_spike/apache-couchdb-1.2.2/build-aux/missing --run makeinfo'
MANIFEST_TOOL=':'
MKDIR_P='/bin/mkdir -p'
NM='/usr/bin/nm -B'
NMEDIT=''
OBJDUMP='objdump'
OBJEXT='o'
OTOOL64=''
OTOOL=''
PACKAGE='apache-couchdb'
PACKAGE_BUGREPORT='https://issues.apache.org/jira/browse/COUCHDB'
PACKAGE_NAME='Apache CouchDB'
PACKAGE_STRING='Apache CouchDB 1.2.2'
PACKAGE_TARNAME='apache-couchdb'
PACKAGE_URL=''
PACKAGE_VERSION='1.2.2'
PATH_SEPARATOR=':'
PKG_CONFIG=''
PKG_CONFIG_LIBDIR=''
PKG_CONFIG_PATH=''
RANLIB='ranlib'
SED='/bin/sed'
SET_MAKE='MAKE=make'
SHELL='/bin/bash'
SNAPPY_MAJOR='1'
SNAPPY_MINOR='0'
SNAPPY_PATCHLEVEL='3'
STRIP='strip'
USE_CURL_FALSE=''
USE_CURL_TRUE=''
USE_EJSON_COMPARE_NIF_FALSE=''
USE_EJSON_COMPARE_NIF_TRUE=''
USE_NATIVE_MOCHIJSON_FALSE=''
USE_NATIVE_MOCHIJSON_TRUE=''
USE_OTP_NIFS_FALSE=''
USE_OTP_NIFS_TRUE=''
VERSION='1.2.2'
WINDOWS_FALSE=''
WINDOWS_TRUE='#'
abs_top_builddir=''
abs_top_srcdir=''
ac_ct_AR='ar'
ac_ct_CC='gcc'
ac_ct_CXX='g++'
ac_ct_DUMPBIN=''
ac_cv_have_stddef_h='1'
ac_cv_have_stdint_h='1'
am__EXEEXT_FALSE=''
am__EXEEXT_TRUE=''
am__fastdepCC_FALSE=''
am__fastdepCC_TRUE='#'
am__fastdepCXX_FALSE=''
am__fastdepCXX_TRUE='#'
am__include='#'
am__isrc=''
am__leading_dot='.'
am__nodep='_no'
am__quote=''
am__tar='$${TAR-tar} chof - "$$tardir"'
am__untar='$${TAR-tar} xf -'
bindir='${exec_prefix}/bin'
bug_uri=''
build='i686-pc-linux-gnu'
build_alias=''
build_cpu='i686'
build_os='linux-gnu'
build_vendor='pc'
datadir='${datarootdir}'
datarootdir='${prefix}/share'
docdir='${datarootdir}/doc/${PACKAGE_TARNAME}'
dvidir='${docdir}'
exec_prefix='NONE'
host='i686-pc-linux-gnu'
host_alias=''
host_cpu='i686'
host_os='linux-gnu'
host_vendor='pc'
htmldir='${docdir}'
includedir='${prefix}/include'
infodir='${datarootdir}/info'
initdir=''
install_sh='${SHELL} /vagrant/xconf_spike/apache-couchdb-1.2.2/build-aux/install-sh'
launchddir=''
libdir='${exec_prefix}/lib'
libexecdir='${exec_prefix}/libexec'
localconfdir=''
localdatadir=''
localdocdir=''
localedir='${datarootdir}/locale'
localerlanglibdir=''
locallibbindir=''
locallibdir=''
localstatedir='${prefix}/var'
localstatelibdir=''
localstatelogdir=''
localstaterundir=''
mandir='${datarootdir}/man'
mkdir_p='/bin/mkdir -p'
msvc_redist_dir=''
msvc_redist_name=''
oldincludedir='/usr/include'
openssl_bin_dir=''
otp_release=''
package_author_address=''
package_author_name=''
package_identifier=''
package_name=''
package_tarname=''
pdfdir='${docdir}'
prefix='NONE'
program_transform_name='s,x,x,'
psdir='${docdir}'
sbindir='${exec_prefix}/sbin'
sharedstatedir='${prefix}/com'
sysconfdir='${prefix}/etc'
target_alias=''
version=''
version_major=''
version_minor=''
version_release=''
version_revision=''
version_stage=''

## ----------- ##
## confdefs.h. ##
## ----------- ##

/* confdefs.h */
#define PACKAGE_NAME "Apache CouchDB"
#define PACKAGE_TARNAME "apache-couchdb"
#define PACKAGE_VERSION "1.2.2"
#define PACKAGE_STRING "Apache CouchDB 1.2.2"
#define PACKAGE_BUGREPORT "https://issues.apache.org/jira/browse/COUCHDB"
#define PACKAGE_URL ""
#define PACKAGE "apache-couchdb"
#define VERSION "1.2.2"
#define STDC_HEADERS 1
#define HAVE_SYS_TYPES_H 1
#define HAVE_SYS_STAT_H 1
#define HAVE_STDLIB_H 1
#define HAVE_STRING_H 1
#define HAVE_MEMORY_H 1
#define HAVE_STRINGS_H 1
#define HAVE_INTTYPES_H 1
#define HAVE_STDINT_H 1
#define HAVE_UNISTD_H 1
#define __EXTENSIONS__ 1
#define _ALL_SOURCE 1
#define _GNU_SOURCE 1
#define _POSIX_PTHREAD_SEMANTICS 1
#define _TANDEM_SOURCE 1
#define HAVE_DLFCN_H 1
#define LT_OBJDIR ".libs/"
#define HAVE_STDINT_H 1
#define HAVE_STDDEF_H 1
#define HAVE_SYS_MMAN_H 1
#define HAVE_SYS_RESOURCE_H 1
#define HAVE_BUILTIN_EXPECT 1
#define HAVE_BUILTIN_CTZ 1

configure: exit 1
